Build started 2017-10-03 15:33:31.
     1>Project "C:\Users\Michal\Desktop\Git\PolynomialGenerator\PolynomialGenerator\PolynomialGenerator.vcxproj" on node 2 (Build target(s)).
     1>ClCompile:
         C:\Program Files (x86)\Microsoft Visual Studio 12.0\VC\bin\CL.exe /c /ZI /nologo /W3 /WX- /sdl /Od /Oy- /D WIN32 /D _DEBUG /D _CONSOLE /D _LIB /D _UNICODE /D UNICODE /Gm /EHsc /RTC1 /MDd /GS /fp:precise /Zc:wchar_t /Zc:forScope /Yc"stdafx.h" /Fp"Debug\PolynomialGenerator.pch" /Fo"Debug\\" /Fd"Debug\vc120.pdb" /Gd /TP /analyze- /errorReport:prompt stdafx.cpp
         stdafx.cpp
         C:\Program Files (x86)\Microsoft Visual Studio 12.0\VC\bin\CL.exe /c /ZI /nologo /W3 /WX- /sdl /Od /Oy- /D WIN32 /D _DEBUG /D _CONSOLE /D _LIB /D _UNICODE /D UNICODE /Gm /EHsc /RTC1 /MDd /GS /fp:precise /Zc:wchar_t /Zc:forScope /Yu"stdafx.h" /Fp"Debug\PolynomialGenerator.pch" /Fo"Debug\\" /Fd"Debug\vc120.pdb" /Gd /TP /analyze- /errorReport:prompt PolynomialGenerator.cpp
         PolynomialGenerator.cpp
     1>c:\users\michal\desktop\git\polynomialgenerator\polynomialgenerator\polynomialgenerator.cpp(95): warning C4018: '<' : signed/unsigned mismatch
     1>c:\users\michal\desktop\git\polynomialgenerator\polynomialgenerator\polynomialgenerator.cpp(97): warning C4244: '+=' : conversion from 'double' to 'unsigned int', possible loss of data
     1>c:\users\michal\desktop\git\polynomialgenerator\polynomialgenerator\polynomialgenerator.cpp(128): warning C4018: '<' : signed/unsigned mismatch
     1>c:\users\michal\desktop\git\polynomialgenerator\polynomialgenerator\polynomialgenerator.cpp(220): warning C4018: '<=' : signed/unsigned mismatch
     1>c:\users\michal\desktop\git\polynomialgenerator\polynomialgenerator\polynomialgenerator.cpp(222): warning C4018: '<=' : signed/unsigned mismatch
     1>c:\users\michal\desktop\git\polynomialgenerator\polynomialgenerator\polynomialgenerator.cpp(247): warning C4018: '<' : signed/unsigned mismatch
     1>c:\users\michal\desktop\git\polynomialgenerator\polynomialgenerator\polynomialgenerator.cpp(270): warning C4018: '<=' : signed/unsigned mismatch
     1>c:\users\michal\desktop\git\polynomialgenerator\polynomialgenerator\polynomialgenerator.cpp(332): warning C4018: '<' : signed/unsigned mismatch
     1>c:\users\michal\desktop\git\polynomialgenerator\polynomialgenerator\polynomialgenerator.cpp(379): warning C4244: 'initializing' : conversion from 'double' to 'unsigned int', possible loss of data
     1>c:\users\michal\desktop\git\polynomialgenerator\polynomialgenerator\polynomialgenerator.cpp(419): warning C4244: 'argument' : conversion from 'double' to 'unsigned int', possible loss of data
       Link:
         C:\Program Files (x86)\Microsoft Visual Studio 12.0\VC\bin\link.exe /ERRORREPORT:PROMPT /OUT:"C:\Users\Michal\Desktop\Git\PolynomialGenerator\Debug\PolynomialGenerator.exe" /INCREMENTAL /NOLOGO kernel32.lib user32.lib gdi32.lib winspool.lib comdlg32.lib advapi32.lib shell32.lib ole32.lib oleaut32.lib uuid.lib odbc32.lib odbccp32.lib /MANIFEST /MANIFESTUAC:"level='asInvoker' uiAccess='false'" /manifest:embed /DEBUG /PDB:"C:\Users\Michal\Desktop\Git\PolynomialGenerator\Debug\PolynomialGenerator.pdb" /SUBSYSTEM:CONSOLE /TLBID:1 /DYNAMICBASE /NXCOMPAT /IMPLIB:"C:\Users\Michal\Desktop\Git\PolynomialGenerator\Debug\PolynomialGenerator.lib" /MACHINE:X86 Debug\PolynomialGenerator.obj
         Debug\stdafx.obj
         PolynomialGenerator.vcxproj -> C:\Users\Michal\Desktop\Git\PolynomialGenerator\Debug\PolynomialGenerator.exe
     1>Done Building Project "C:\Users\Michal\Desktop\Git\PolynomialGenerator\PolynomialGenerator\PolynomialGenerator.vcxproj" (Build target(s)).

Build succeeded.

Time Elapsed 00:00:01.24
